# JRE version: Java(TM) SE Runtime Environment (8.0_05-b13) (build 1.8.0_05-b13)
# Java VM: Java HotSpot(TM) 64-Bit Server VM (25.5-b02 mixed mode windows-amd64 compressed oops)
Heap:
 PSYoungGen      total 89600K, used 81688K [0x00000000f6000000, 0x00000000fd800000, 0x0000000100000000)
  eden space 69632K, 89% used [0x00000000f6000000,0x00000000f9c93078,0x00000000fa400000)
  from space 19968K, 98% used [0x00000000fa400000,0x00000000fb7331c8,0x00000000fb780000)
  to   space 23552K, 0% used [0x00000000fc100000,0x00000000fc100000,0x00000000fd800000)
 ParOldGen       total 51712K, used 35933K [0x00000000e2000000, 0x00000000e5280000, 0x00000000f6000000)
  object space 51712K, 69% used [0x00000000e2000000,0x00000000e4317580,0x00000000e5280000)
 Metaspace       used 46870K, capacity 47338K, committed 47744K, reserved 1091584K
  class space    used 6293K, capacity 6440K, committed 6528K, reserved 1048576K
GC Heap History (10 events):
Event: 26.155 GC heap before
{Heap before GC invocations=27 (full 3):
 PSYoungGen      total 62976K, used 59408K [0x00000000f6000000, 0x00000000fab80000, 0x0000000100000000)
  eden space 57344K, 100% used [0x00000000f6000000,0x00000000f9800000,0x00000000f9800000)
  from space 5632K, 36% used [0x00000000f9800000,0x00000000f9a04338,0x00000000f9d80000)
  to   space 5632K, 0% used [0x00000000fa600000,0x00000000fa600000,0x00000000fab80000)
 ParOldGen       total 18432K, used 11875K [0x00000000e2000000, 0x00000000e3200000, 0x00000000f6000000)
  object space 18432K, 64% used [0x00000000e2000000,0x00000000e2b98dc0,0x00000000e3200000)
 Metaspace       used 35052K, capacity 35394K, committed 35840K, reserved 1081344K
  class space    used 4528K, capacity 4600K, committed 4608K, reserved 1048576K
Event: 26.198 GC heap after
Heap after GC invocations=27 (full 3):
 PSYoungGen      total 71680K, used 4064K [0x00000000f6000000, 0x00000000fab80000, 0x0000000100000000)
  eden space 66048K, 0% used [0x00000000f6000000,0x00000000f6000000,0x00000000fa080000)
  from space 5632K, 72% used [0x00000000fa600000,0x00000000fa9f8000,0x00000000fab80000)
  to   space 5632K, 0% used [0x00000000fa080000,0x00000000fa080000,0x00000000fa600000)
 ParOldGen       total 18432K, used 11883K [0x00000000e2000000, 0x00000000e3200000, 0x00000000f6000000)
  object space 18432K, 64% used [0x00000000e2000000,0x00000000e2b9adc0,0x00000000e3200000)
 Metaspace       used 35052K, capacity 35394K, committed 35840K, reserved 1081344K
  class space    used 4528K, capacity 4600K, committed 4608K, reserved 1048576K
}
Event: 63.396 GC heap before
{Heap before GC invocations=28 (full 3):
 PSYoungGen      total 71680K, used 70112K [0x00000000f6000000, 0x00000000fab80000, 0x0000000100000000)
  eden space 66048K, 100% used [0x00000000f6000000,0x00000000fa080000,0x00000000fa080000)
  from space 5632K, 72% used [0x00000000fa600000,0x00000000fa9f8000,0x00000000fab80000)
  to   space 5632K, 0% used [0x00000000fa080000,0x00000000fa080000,0x00000000fa600000)
 ParOldGen       total 18432K, used 11883K [0x00000000e2000000, 0x00000000e3200000, 0x00000000f6000000)
  object space 18432K, 64% used [0x00000000e2000000,0x00000000e2b9adc0,0x00000000e3200000)
 Metaspace       used 39661K, capacity 39992K, committed 40576K, reserved 1085440K
  class space    used 5294K, capacity 5377K, committed 5504K, reserved 1048576K
Event: 63.571 GC heap after
Heap after GC invocations=28 (full 3):
 PSYoungGen      total 71680K, used 5610K [0x00000000f6000000, 0x00000000fc800000, 0x0000000100000000)
  eden space 66048K, 0% used [0x00000000f6000000,0x00000000f6000000,0x00000000fa080000)
  from space 5632K, 99% used [0x00000000fa080000,0x00000000fa5fa810,0x00000000fa600000)
  to   space 16896K, 0% used [0x00000000fb780000,0x00000000fb780000,0x00000000fc800000)
 ParOldGen       total 39936K, used 39522K [0x00000000e2000000, 0x00000000e4700000, 0x00000000f6000000)
  object space 39936K, 98% used [0x00000000e2000000,0x00000000e46989d8,0x00000000e4700000)
 Metaspace       used 39661K, capacity 39992K, committed 40576K, reserved 1085440K
  class space    used 5294K, capacity 5377K, committed 5504K, reserved 1048576K
}
Event: 63.571 GC heap before
{Heap before GC invocations=29 (full 4):
 PSYoungGen      total 71680K, used 5610K [0x00000000f6000000, 0x00000000fc800000, 0x0000000100000000)
  eden space 66048K, 0% used [0x00000000f6000000,0x00000000f6000000,0x00000000fa080000)
  from space 5632K, 99% used [0x00000000fa080000,0x00000000fa5fa810,0x00000000fa600000)
  to   space 16896K, 0% used [0x00000000fb780000,0x00000000fb780000,0x00000000fc800000)
 ParOldGen       total 39936K, used 39522K [0x00000000e2000000, 0x00000000e4700000, 0x00000000f6000000)
  object space 39936K, 98% used [0x00000000e2000000,0x00000000e46989d8,0x00000000e4700000)
 Metaspace       used 39661K, capacity 39992K, committed 40576K, reserved 1085440K
  class space    used 5294K, capacity 5377K, committed 5504K, reserved 1048576K
Event: 63.930 GC heap after
Heap after GC invocations=29 (full 4):
 PSYoungGen      total 71680K, used 0K [0x00000000f6000000, 0x00000000fc800000, 0x0000000100000000)
  eden space 66048K, 0% used [0x00000000f6000000,0x00000000f6000000,0x00000000fa080000)
  from space 5632K, 0% used [0x00000000fa080000,0x00000000fa080000,0x00000000fa600000)
  to   space 16896K, 0% used [0x00000000fb780000,0x00000000fb780000,0x00000000fc800000)
 ParOldGen       total 51712K, used 33723K [0x00000000e2000000, 0x00000000e5280000, 0x00000000f6000000)
  object space 51712K, 65% used [0x00000000e2000000,0x00000000e40eee60,0x00000000e5280000)
 Metaspace       used 39661K, capacity 39992K, committed 40576K, reserved 1085440K
  class space    used 5294K, capacity 5377K, committed 5504K, reserved 1048576K
}
Event: 73.471 GC heap before
{Heap before GC invocations=30 (full 4):
 PSYoungGen      total 71680K, used 66048K [0x00000000f6000000, 0x00000000fc800000, 0x0000000100000000)
  eden space 66048K, 100% used [0x00000000f6000000,0x00000000fa080000,0x00000000fa080000)
  from space 5632K, 0% used [0x00000000fa080000,0x00000000fa080000,0x00000000fa600000)
  to   space 16896K, 0% used [0x00000000fb780000,0x00000000fb780000,0x00000000fc800000)
 ParOldGen       total 51712K, used 33723K [0x00000000e2000000, 0x00000000e5280000, 0x00000000f6000000)
  object space 51712K, 65% used [0x00000000e2000000,0x00000000e40eee60,0x00000000e5280000)
 Metaspace       used 44520K, capacity 44914K, committed 45440K, reserved 1089536K
  class space    used 6092K, capacity 6192K, committed 6272K, reserved 1048576K
Event: 73.553 GC heap after
Heap after GC invocations=30 (full 4):
 PSYoungGen      total 86528K, used 16400K [0x00000000f6000000, 0x00000000fce00000, 0x0000000100000000)
  eden space 69632K, 0% used [0x00000000f6000000,0x00000000f6000000,0x00000000fa400000)
  from space 16896K, 97% used [0x00000000fb780000,0x00000000fc784140,0x00000000fc800000)
  to   space 19968K, 0% used [0x00000000fa400000,0x00000000fa400000,0x00000000fb780000)
 ParOldGen       total 51712K, used 33731K [0x00000000e2000000, 0x00000000e5280000, 0x00000000f6000000)
  object space 51712K, 65% used [0x00000000e2000000,0x00000000e40f0e60,0x00000000e5280000)
 Metaspace       used 44520K, capacity 44914K, committed 45440K, reserved 1089536K
  class space    used 6092K, capacity 6192K, committed 6272K, reserved 1048576K
}
Event: 364.263 GC heap before
{Heap before GC invocations=31 (full 4):
 PSYoungGen      total 86528K, used 86032K [0x00000000f6000000, 0x00000000fce00000, 0x0000000100000000)
  eden space 69632K, 100% used [0x00000000f6000000,0x00000000fa400000,0x00000000fa400000)
  from space 16896K, 97% used [0x00000000fb780000,0x00000000fc784140,0x00000000fc800000)
  to   space 19968K, 0% used [0x00000000fa400000,0x00000000fa400000,0x00000000fb780000)
 ParOldGen       total 51712K, used 33731K [0x00000000e2000000, 0x00000000e5280000, 0x00000000f6000000)
  object space 51712K, 65% used [0x00000000e2000000,0x00000000e40f0e60,0x00000000e5280000)
 Metaspace       used 45735K, capacity 46196K, committed 46592K, reserved 1089536K
  class space    used 6181K, capacity 6293K, committed 6400K, reserved 1048576K
Event: 364.333 GC heap after
Heap after GC invocations=31 (full 4):
 PSYoungGen      total 89600K, used 19660K [0x00000000f6000000, 0x00000000fd800000, 0x0000000100000000)
  eden space 69632K, 0% used [0x00000000f6000000,0x00000000f6000000,0x00000000fa400000)
  from space 19968K, 98% used [0x00000000fa400000,0x00000000fb7331c8,0x00000000fb780000)
  to   space 23552K, 0% used [0x00000000fc100000,0x00000000fc100000,0x00000000fd800000)
 ParOldGen       total 51712K, used 35933K [0x00000000e2000000, 0x00000000e5280000, 0x00000000f6000000)
  object space 51712K, 69% used [0x00000000e2000000,0x00000000e4317580,0x00000000e5280000)
 Metaspace       used 45735K, capacity 46196K, committed 46592K, reserved 1089536K
  class space    used 6181K, capacity 6293K, committed 6400K, reserved 1048576K
}

